\BOOKMARK [0][-]{section*.1}{List of Tables}{}% 1
\BOOKMARK [0][-]{section*.2}{List of Figures}{}% 2
\BOOKMARK [0][-]{chapter.1}{Conceptual Framework}{}% 3
\BOOKMARK [1][-]{section.1.1}{Android OS}{chapter.1}% 4
\BOOKMARK [2][-]{subsection.1.1.1}{Linux Kernel}{section.1.1}% 5
\BOOKMARK [2][-]{subsection.1.1.2}{Hardware Abstraction Layer \(HAL\)}{section.1.1}% 6
\BOOKMARK [2][-]{subsection.1.1.3}{Android Runtime}{section.1.1}% 7
\BOOKMARK [2][-]{subsection.1.1.4}{Native C/C++ Libraries}{section.1.1}% 8
\BOOKMARK [2][-]{subsection.1.1.5}{Java API Framework}{section.1.1}% 9
\BOOKMARK [1][-]{section.1.2}{Mobile Applications}{chapter.1}% 10
\BOOKMARK [1][-]{section.1.3}{Threats and Risks in the Android Eco System}{chapter.1}% 11
\BOOKMARK [1][-]{section.1.4}{How to prevent mobile threats}{chapter.1}% 12
\BOOKMARK [2][-]{subsection.1.4.1}{Requirements}{section.1.4}% 13
\BOOKMARK [2][-]{subsection.1.4.2}{Installation}{section.1.4}% 14
\BOOKMARK [0][-]{chapter.2}{State of the art}{}% 15
\BOOKMARK [1][-]{section.2.1}{State of the art}{chapter.2}% 16
\BOOKMARK [2][-]{subsection.2.1.1}{As of now}{section.2.1}% 17
\BOOKMARK [2][-]{subsection.2.1.2}{What is Obfuscation}{section.2.1}% 18
\BOOKMARK [2][-]{subsection.2.1.3}{ApkTool}{section.2.1}% 19
\BOOKMARK [2][-]{subsection.2.1.4}{Analysis of Decompiled APKs}{section.2.1}% 20
\BOOKMARK [1][-]{section.2.2}{System Specifications}{chapter.2}% 21
\BOOKMARK [0][-]{chapter.3}{Anatomy of an Android App}{}% 22
\BOOKMARK [1][-]{subsection.3.0.1}{Application}{chapter.3}% 23
\BOOKMARK [2][-]{subsection.3.0.2}{Directory Listing}{subsection.3.0.1}% 24
\BOOKMARK [2][-]{subsection.3.0.3}{classes.dex}{subsection.3.0.1}% 25
\BOOKMARK [2][-]{subsection.3.0.4}{res/}{subsection.3.0.1}% 26
\BOOKMARK [2][-]{subsection.3.0.5}{resources.arsc}{subsection.3.0.1}% 27
\BOOKMARK [2][-]{subsection.3.0.6}{AndroidManifest.xml}{subsection.3.0.1}% 28
